Copyright 1986-2017 Xilinx, Inc. All Rights Reserved.
-------------------------------------------------------------------------------------------------------------------------------------------
| Tool Version     : Vivado v.2017.4 (win64) Build 2086221 Fri Dec 15 20:55:39 MST 2017
| Date             : Tue Dec 26 22:03:24 2023
| Host             : LAPTOP-OLOKS0CM running 64-bit major release  (build 9200)
| Command          : report_power -file DemoTop_power_routed.rpt -pb DemoTop_power_summary_routed.pb -rpx DemoTop_power_routed.rpx
| Design           : DemoTop
| Device           : xc7a35tcsg324-1
| Design State     : routed
| Grade            : commercial
| Process          : typical
| Characterization : Production
-------------------------------------------------------------------------------------------------------------------------------------------

Power Report

Table of Contents
-----------------
1. Summary
1.1 On-Chip Components
1.2 Power Supply Summary
1.3 Confidence Level
2. Settings
2.1 Environment
2.2 Clock Constraints
3. Detailed Reports
3.1 By Hierarchy

1. Summary
----------

+--------------------------+--------------+
| Total On-Chip Power (W)  | 3.768        |
| Design Power Budget (W)  | Unspecified* |
| Power Budget Margin (W)  | NA           |
| Dynamic (W)              | 3.686        |
| Device Static (W)        | 0.083        |
| Effective TJA (C/W)      | 4.8          |
| Max Ambient (C)          | 67.0         |
| Junction Temperature (C) | 43.0         |
| Confidence Level         | Low          |
| Setting File             | ---          |
| Simulation Activity File | ---          |
| Design Nets Matched      | NA           |
+--------------------------+--------------+
* Specify Design Power Budget using, set_operating_conditions -design_power_budget <value in Watts>


1.1 On-Chip Components
----------------------

+----------------+-----------+----------+-----------+-----------------+
| On-Chip        | Power (W) | Used     | Available | Utilization (%) |
+----------------+-----------+----------+-----------+-----------------+
| Slice Logic    |     1.075 |      656 |       --- |             --- |
|   LUT as Logic |     0.929 |      245 |     20800 |            1.18 |
|   CARRY4       |     0.052 |       23 |      8150 |            0.28 |
|   BUFG         |     0.052 |        2 |        32 |            6.25 |
|   Register     |     0.041 |      265 |     41600 |            0.64 |
|   Others       |     0.000 |       38 |       --- |             --- |
| Signals        |     1.150 |      524 |       --- |             --- |
| Block RAM      |     0.494 |      0.5 |        50 |            1.00 |
| I/O            |     0.968 |       30 |       210 |           14.29 |
| Static Power   |     0.083 |          |           |                 |
| Total          |     3.768 |          |           |                 |
+----------------+-----------+----------+-----------+-----------------+


1.2 Power Supply Summary
------------------------

+-----------+-------------+-----------+-------------+------------+
| Source    | Voltage (V) | Total (A) | Dynamic (A) | Static (A) |
+-----------+-------------+-----------+-------------+------------+
| Vccint    |       1.000 |     2.748 |       2.729 |      0.019 |
| Vccaux    |       1.800 |     0.047 |       0.034 |      0.013 |
| Vcco33    |       3.300 |     0.261 |       0.260 |      0.001 |
| Vcco25    |       2.500 |     0.000 |       0.000 |      0.000 |
| Vcco18    |       1.800 |     0.000 |       0.000 |      0.000 |
| Vcco15    |       1.500 |     0.000 |       0.000 |      0.000 |
| Vcco135   |       1.350 |     0.000 |       0.000 |      0.000 |
| Vcco12    |       1.200 |     0.000 |       0.000 |      0.000 |
| Vccaux_io |       1.800 |     0.000 |       0.000 |      0.000 |
| Vccbram   |       1.000 |     0.037 |       0.037 |      0.000 |
| MGTAVcc   |       1.000 |     0.000 |       0.000 |      0.000 |
| MGTAVtt   |       1.200 |     0.000 |       0.000 |      0.000 |
| Vccadc    |       1.800 |     0.020 |       0.000 |      0.020 |
+-----------+-------------+-----------+-------------+------------+


1.3 Confidence Level
--------------------

+-----------------------------+------------+--------------------------------------------------------+--------------------------------------------------------------------------------------------------------------------+
| User Input Data             | Confidence | Details                                                | Action                                                                                                             |
+-----------------------------+------------+--------------------------------------------------------+--------------------------------------------------------------------------------------------------------------------+
| Design implementation state | High       | Design is routed                                       |                                                                                                                    |
| Clock nodes activity        | Low        | User specified less than 75% of clocks                 | Provide missing clock activity with a constraint file, simulation results or by editing the "By Clock Domain" view |
| I/O nodes activity          | Low        | More than 75% of inputs are missing user specification | Provide missing input activity with simulation results or by editing the "By Resource Type -> I/Os" view           |
| Internal nodes activity     | Medium     | User specified less than 25% of internal nodes         | Provide missing internal nodes activity with simulation results or by editing the "By Resource Type" views         |
| Device models               | High       | Device models are Production                           |                                                                                                                    |
|                             |            |                                                        |                                                                                                                    |
| Overall confidence level    | Low        |                                                        |                                                                                                                    |
+-----------------------------+------------+--------------------------------------------------------+--------------------------------------------------------------------------------------------------------------------+


2. Settings
-----------

2.1 Environment
---------------

+-----------------------+--------------------------+
| Ambient Temp (C)      | 25.0                     |
| ThetaJA (C/W)         | 4.8                      |
| Airflow (LFM)         | 250                      |
| Heat Sink             | medium (Medium Profile)  |
| ThetaSA (C/W)         | 4.6                      |
| Board Selection       | medium (10"x10")         |
| # of Board Layers     | 12to15 (12 to 15 Layers) |
| Board Temperature (C) | 25.0                     |
+-----------------------+--------------------------+


2.2 Clock Constraints
---------------------

+-------+--------+-----------------+
| Clock | Domain | Constraint (ns) |
+-------+--------+-----------------+


3. Detailed Reports
-------------------

3.1 By Hierarchy
----------------

+------------------------------------------------+-----------+
| Name                                           | Power (W) |
+------------------------------------------------+-----------+
| DemoTop                                        |     3.686 |
|   c                                            |     0.095 |
|   dst                                          |     1.053 |
|     mt                                         |     0.303 |
|       gs                                       |     0.026 |
|       tsm                                      |     0.068 |
|     sp                                         |     0.593 |
|       as                                       |     0.088 |
|       gs                                       |     0.001 |
|       ws                                       |     0.345 |
|         u                                      |     0.345 |
|     sse                                        |     0.018 |
|     trg                                        |     0.125 |
|   script_mem_module                            |     1.102 |
|     ram_module                                 |     0.720 |
|       U0                                       |     0.720 |
|         inst_blk_mem_gen                       |     0.720 |
|           gnbram.gnativebmg.native_blk_mem_gen |     0.720 |
|             valid.cstr                         |     0.720 |
|               ramloop[0].ram.r                 |     0.720 |
|                 prim_noinit.ram                |     0.720 |
|   uart_module                                  |     0.259 |
|     rx                                         |     0.157 |
|     tx                                         |     0.028 |
+------------------------------------------------+-----------+


