{"ts":1719575174632,"action":"FILE_OPENED","file":"/README.md","tags":{"FILE_LINE_OF_CODE":"1"}}
{"ts":1719575174880,"action":"PROJECT_OPENED","tags":{"PROJECT_NAME":"GenshinKitchen_CS211_Project"}}
{"ts":1719575185759,"action":"IDE_DEACTIVATED"}
{"ts":1719575202802,"action":"IDE_ACTIVATED"}
{"ts":1719575204006,"action":"IDE_DEACTIVATED"}
{"ts":1719575233434,"action":"IDE_ACTIVATED"}
{"ts":1719575239216,"action":"IDE_DEACTIVATED"}
{"ts":1719575240473,"action":"IDE_ACTIVATED"}
{"ts":1719575265293,"action":"IDE_DEACTIVATED"}
{"ts":1719575282254,"action":"IDE_ACTIVATED"}
{"ts":1719575284566,"action":"IDE_DEACTIVATED"}
{"ts":1719575287682,"action":"IDE_ACTIVATED"}
{"ts":1719575315765,"action":"IDE_DEACTIVATED"}
{"ts":1719575317278,"action":"IDE_ACTIVATED"}
{"ts":1719575380818,"action":"IDE_DEACTIVATED"}
{"ts":1719575415662,"action":"IDE_ACTIVATED"}
{"ts":1719575436176,"action":"IDE_DEACTIVATED"}
{"ts":1719575442336,"action":"IDE_ACTIVATED"}
{"ts":1719575544591,"action":"IDE_DEACTIVATED"}
{"ts":1719575634732,"action":"IDE_ACTIVATED"}
{"ts":1719575642934,"action":"IDE_DEACTIVATED"}
{"ts":1719575646588,"action":"IDE_ACTIVATED"}
{"ts":1719575678928,"action":"IDE_DEACTIVATED"}
{"ts":1719575706061,"action":"IDE_ACTIVATED"}
{"ts":1719575746878,"action":"IDE_DEACTIVATED"}
{"ts":1719575788574,"action":"IDE_ACTIVATED"}
{"ts":1719575804884,"action":"IDE_DEACTIVATED"}
{"ts":1719575807973,"action":"IDE_ACTIVATED"}
{"ts":1719575812276,"action":"IDE_DEACTIVATED"}
{"ts":1719575883479,"action":"IDE_ACTIVATED"}
{"ts":1719575961549,"action":"IDE_DEACTIVATED"}
{"ts":1719575999745,"action":"IDE_ACTIVATED"}
{"ts":1719576006498,"action":"IDE_DEACTIVATED"}
{"ts":1719576008940,"action":"IDE_ACTIVATED"}
{"ts":1719576010370,"action":"IDE_DEACTIVATED"}
{"ts":1719576014832,"action":"IDE_ACTIVATED"}
{"ts":1719576026823,"action":"IDE_DEACTIVATED"}
{"ts":1719576154831,"action":"IDE_ACTIVATED"}
{"ts":1719576174653,"action":"IDE_DEACTIVATED"}
{"ts":1719576288764,"action":"IDE_ACTIVATED"}
{"ts":1719576522278,"action":"IDE_DEACTIVATED"}
{"ts":1719576538465,"action":"IDE_ACTIVATED"}
{"ts":1719576559598,"action":"IDE_DEACTIVATED"}
{"ts":1719576573185,"action":"IDE_ACTIVATED"}
{"ts":1719576607627,"action":"IDE_DEACTIVATED"}
{"ts":1719576625181,"action":"IDE_ACTIVATED"}
{"ts":1719576674540,"action":"IDE_DEACTIVATED"}
{"ts":1719576679994,"action":"IDE_ACTIVATED"}
{"ts":1719576685903,"action":"IDE_DEACTIVATED"}
{"ts":1719576703449,"action":"IDE_ACTIVATED"}
{"ts":1719577107262,"action":"IDE_DEACTIVATED"}
{"ts":1719577111542,"action":"IDE_ACTIVATED"}
{"ts":1719577137292,"action":"IDE_DEACTIVATED"}
{"ts":1719577180469,"action":"IDE_ACTIVATED"}
{"ts":1719577292144,"action":"IDE_DEACTIVATED"}
{"ts":1719577411759,"action":"IDE_ACTIVATED"}
{"ts":1719577431711,"action":"IDE_DEACTIVATED"}
{"ts":1719577437297,"action":"IDE_ACTIVATED"}
{"ts":1719577546984,"action":"IDE_DEACTIVATED"}
{"ts":1719577547790,"action":"IDE_ACTIVATED"}
{"ts":1719577549207,"action":"IDE_DEACTIVATED"}
{"ts":1719577558761,"action":"IDE_ACTIVATED"}
{"ts":1719577558884,"action":"IDE_DEACTIVATED"}
{"ts":1719577696145,"action":"IDE_ACTIVATED"}
{"ts":1719577716754,"action":"IDE_DEACTIVATED"}
{"ts":1719577740424,"action":"IDE_ACTIVATED"}
{"ts":1719577746218,"action":"FILE_CLOSED","file":"/README.md","tags":{"FILE_LINE_OF_CODE":"90"}}
{"ts":1719577746218,"action":"FILE_OPENED","file":"/LICENSE.txt","tags":{"FILE_LINE_OF_CODE":"22"}}
{"ts":1719577748164,"action":"FILE_CLOSED","file":"/LICENSE.txt","tags":{"FILE_LINE_OF_CODE":"22"}}
{"ts":1719577748185,"action":"FILE_OPENED","file":"/README.md","tags":{"FILE_LINE_OF_CODE":"90"}}
{"ts":1719577816632,"action":"IDE_DEACTIVATED"}
{"ts":1719577889841,"action":"IDE_ACTIVATED"}
{"ts":1719577922023,"action":"IDE_DEACTIVATED"}
{"ts":1719577951839,"action":"IDE_ACTIVATED"}
{"ts":1719577953928,"action":"IDE_DEACTIVATED"}
{"ts":1719577963906,"action":"IDE_ACTIVATED"}
{"ts":1719577965436,"action":"IDE_DEACTIVATED"}
{"ts":1719577965751,"action":"PROJECT_CLOSED","tags":{"PROJECT_NAME":"GenshinKitchen_CS211_Project"}}
{"ts":1719578328451,"action":"FILE_OPENED","file":"/README.md","tags":{"FILE_LINE_OF_CODE":"14"}}
{"ts":1719578329007,"action":"PROJECT_OPENED","tags":{"PROJECT_NAME":"GenshinKitchen_CS211_Project"}}
{"ts":1719578383777,"action":"IDE_DEACTIVATED"}
{"ts":1719578395892,"action":"IDE_ACTIVATED"}
{"ts":1719578407956,"action":"IDE_DEACTIVATED"}
{"ts":1719578496660,"action":"IDE_ACTIVATED"}
{"ts":1719578506123,"action":"IDE_DEACTIVATED"}
{"ts":1719578559758,"action":"IDE_ACTIVATED"}
{"ts":1719578566403,"action":"IDE_DEACTIVATED"}
{"ts":1719578571854,"action":"IDE_ACTIVATED"}
{"ts":1719578620705,"action":"IDE_DEACTIVATED"}
{"ts":1719578642064,"action":"IDE_ACTIVATED"}
{"ts":1719578725798,"action":"IDE_DEACTIVATED"}
{"ts":1719578735151,"action":"IDE_ACTIVATED"}
{"ts":1719578824736,"action":"IDE_DEACTIVATED"}
{"ts":1719578987548,"action":"IDE_ACTIVATED"}
{"ts":1719579045000,"action":"IDE_DEACTIVATED"}
{"ts":1719579065423,"action":"IDE_ACTIVATED"}
{"ts":1719579522080,"action":"IDE_DEACTIVATED"}
{"ts":1719579536345,"action":"IDE_ACTIVATED"}
{"ts":1719579748185,"action":"IDE_DEACTIVATED"}
{"ts":1719579759160,"action":"IDE_ACTIVATED"}
{"ts":1719579923538,"action":"IDE_DEACTIVATED"}
{"ts":1719579925665,"action":"IDE_ACTIVATED"}
{"ts":1719581102524,"action":"IDE_DEACTIVATED"}
{"ts":1719581123230,"action":"IDE_ACTIVATED"}
{"ts":1719581126565,"action":"FILE_CLOSED","file":"/README.md","tags":{"FILE_LINE_OF_CODE":"114"}}
{"ts":1719581126565,"action":"FILE_OPENED","file":"/.gitignore","tags":{"FILE_LINE_OF_CODE":"2"}}
{"ts":1719581157888,"action":"FILE_CLOSED","file":"/.gitignore","tags":{"FILE_LINE_OF_CODE":"2"}}
{"ts":1719581157891,"action":"FILE_OPENED","file":"/README.md","tags":{"FILE_LINE_OF_CODE":"114"}}
{"ts":1719581159027,"action":"IDE_DEACTIVATED"}
{"ts":1719581166558,"action":"IDE_ACTIVATED"}
{"ts":1719581204100,"action":"IDE_DEACTIVATED"}
{"ts":1719581211480,"action":"IDE_ACTIVATED"}
{"ts":1719581217670,"action":"IDE_DEACTIVATED"}
{"ts":1719581371426,"action":"IDE_ACTIVATED"}
{"ts":1719581387614,"action":"IDE_DEACTIVATED"}
{"ts":1719581401124,"action":"IDE_ACTIVATED"}
{"ts":1719581856378,"action":"IDE_DEACTIVATED"}
{"ts":1719581866067,"action":"IDE_ACTIVATED"}
{"ts":1719582022973,"action":"IDE_DEACTIVATED"}
{"ts":1719582033425,"action":"IDE_ACTIVATED"}
{"ts":1719582049705,"action":"IDE_DEACTIVATED"}
{"ts":1719582050523,"action":"IDE_ACTIVATED"}
